2026-05-28 09:59:16 INFO  org.testng.internal.Utils - [TestNG] Running:
  C:\Users\daespiritu\AppData\Local\JetBrains\IntelliJIdea2025.3\temp-testng-customsuite.xml

2026-05-28 09:59:21 INFO  hooks.Hooks - Browser opened
2026-05-28 09:59:23 INFO  stepDefinition.RegistrationStep - Validating SMAC Web Portal UI...
2026-05-28 09:59:24 INFO  stepDefinition.RegistrationStep - PASSED: SMAC Registration Title is displayed
2026-05-28 09:59:24 INFO  stepDefinition.RegistrationStep - PASSED: Details Tab is displayed
2026-05-28 09:59:38 INFO  hooks.Hooks - Browser closed
2026-05-28 11:08:09 INFO  org.testng.internal.Utils - [TestNG] Running:
  C:\Users\daespiritu\AppData\Local\JetBrains\IntelliJIdea2025.3\temp-testng-customsuite.xml

2026-05-28 11:08:18 INFO  hooks.Hooks - Browser opened
2026-05-28 11:08:24 INFO  stepDefinition.RegistrationStep - PASS: SMAC Registration Title is displayed
2026-05-28 11:08:27 INFO  hooks.Hooks - Browser closed
2026-05-28 11:16:30 INFO  org.testng.internal.Utils - [TestNG] Running:
  C:\Users\daespiritu\AppData\Local\JetBrains\IntelliJIdea2025.3\temp-testng-customsuite.xml

2026-05-28 11:16:38 INFO  hooks.Hooks - Browser opened
2026-05-28 11:16:41 INFO  stepDefinition.RegistrationStep - PASS: SMAC Registration Title is displayed
2026-05-28 11:16:42 INFO  stepDefinition.RegistrationStep - PASS: Details Tab is displayed
2026-05-28 11:16:57 INFO  hooks.Hooks - Browser closed
2026-05-28 11:26:35 INFO  org.testng.internal.Utils - [TestNG] Running:
  C:\Users\daespiritu\AppData\Local\JetBrains\IntelliJIdea2025.3\temp-testng-customsuite.xml

2026-05-28 11:26:41 INFO  hooks.Hooks - Browser opened
2026-05-28 11:26:45 INFO  stepDefinition.RegistrationStep - PASS: SMAC Registration Title is displayed
2026-05-28 11:26:45 INFO  stepDefinition.RegistrationStep - PASS: Details Tab is displayed
2026-05-28 11:26:55 ERROR stepDefinition.RegistrationStep - FAIL: Link Card is not displayed
2026-05-28 11:27:00 INFO  hooks.Hooks - Browser closed
2026-05-28 11:41:06 INFO  org.testng.internal.Utils - [TestNG] Running:
  C:\Users\daespiritu\AppData\Local\JetBrains\IntelliJIdea2025.3\temp-testng-customsuite.xml

2026-05-28 11:41:13 INFO  hooks.Hooks - Browser opened
2026-05-28 11:41:17 INFO  stepDefinition.RegistrationStep - PASS: SMAC Registration Title is displayed
2026-05-28 11:41:17 INFO  stepDefinition.RegistrationStep - PASS: Details Tab is displayed
2026-05-28 11:41:17 INFO  stepDefinition.RegistrationStep - PASS: Link Card is displayed
2026-05-28 11:41:17 INFO  stepDefinition.RegistrationStep - PASS: Verification Tab is displayed
2026-05-28 11:41:18 INFO  stepDefinition.RegistrationStep - PASS: Name Txt is displayed
2026-05-28 11:41:21 INFO  hooks.Hooks - Browser closed
2026-05-28 11:42:57 INFO  org.testng.internal.Utils - [TestNG] Running:
  C:\Users\daespiritu\AppData\Local\JetBrains\IntelliJIdea2025.3\temp-testng-customsuite.xml

2026-05-28 11:43:04 INFO  hooks.Hooks - Browser opened
2026-05-28 11:43:07 INFO  stepDefinition.RegistrationStep - PASS: SMAC Registration Title is displayed
2026-05-28 11:43:07 INFO  stepDefinition.RegistrationStep - PASS: Details Tab is displayed
2026-05-28 11:43:07 INFO  stepDefinition.RegistrationStep - PASS: Link Card is displayed
2026-05-28 11:43:07 INFO  stepDefinition.RegistrationStep - PASS: Verification Tab is displayed
2026-05-28 11:43:07 INFO  stepDefinition.RegistrationStep - PASS: Field name "Name" is displayed
2026-05-28 11:43:12 INFO  hooks.Hooks - Browser closed
2026-05-28 13:54:28 INFO  org.testng.internal.Utils - [TestNG] Running:
  C:\Users\daespiritu\AppData\Local\JetBrains\IntelliJIdea2025.3\temp-testng-customsuite.xml

2026-05-28 13:54:34 INFO  hooks.Hooks - Browser opened
2026-05-28 13:54:48 ERROR stepDefinition.RegistrationStep - FAIL: SMAC Registration Portal is not displayed
2026-05-28 13:54:51 INFO  hooks.Hooks - Browser closed
2026-05-28 13:59:00 INFO  org.testng.internal.Utils - [TestNG] Running:
  C:\Users\daespiritu\AppData\Local\JetBrains\IntelliJIdea2025.3\temp-testng-customsuite.xml

2026-05-28 13:59:04 INFO  hooks.Hooks - Browser opened
2026-05-28 13:59:19 ERROR stepDefinition.RegistrationStep - FAIL: SMAC Registration Portal is not displayed
2026-05-28 13:59:21 INFO  hooks.Hooks - Browser closed
2026-05-28 14:00:42 INFO  org.testng.internal.Utils - [TestNG] Running:
  C:\Users\daespiritu\AppData\Local\JetBrains\IntelliJIdea2025.3\temp-testng-customsuite.xml

2026-05-28 14:00:48 INFO  hooks.Hooks - Browser opened
2026-05-28 14:01:00 ERROR stepDefinition.RegistrationStep - FAIL: SMAC Registration Portal is not displayed
2026-05-28 14:01:05 INFO  hooks.Hooks - Browser closed
2026-05-28 14:09:01 INFO  org.testng.internal.Utils - [TestNG] Running:
  C:\Users\daespiritu\AppData\Local\JetBrains\IntelliJIdea2025.3\temp-testng-customsuite.xml

2026-05-28 14:09:07 INFO  hooks.Hooks - Browser opened
2026-05-28 14:09:20 ERROR stepDefinition.RegistrationStep - FAIL: SMAC Registration Portal is not displayed
2026-05-28 14:09:23 INFO  hooks.Hooks - Browser closed
2026-05-28 14:19:12 INFO  org.testng.internal.Utils - [TestNG] Running:
  C:\Users\daespiritu\AppData\Local\JetBrains\IntelliJIdea2025.3\temp-testng-customsuite.xml

2026-05-28 14:19:17 INFO  hooks.Hooks - Browser opened
2026-05-28 14:19:32 ERROR stepDefinition.RegistrationStep - FAIL: SMAC Registration Portal is not displayed
2026-05-28 14:22:43 INFO  org.testng.internal.Utils - [TestNG] Running:
  C:\Users\daespiritu\AppData\Local\JetBrains\IntelliJIdea2025.3\temp-testng-customsuite.xml

2026-05-28 14:22:48 INFO  hooks.Hooks - Browser opened
2026-05-28 14:23:01 ERROR stepDefinition.RegistrationStep - FAIL: SMAC Registration Portal is not displayed
2026-05-28 14:25:34 INFO  org.testng.internal.Utils - [TestNG] Running:
  C:\Users\daespiritu\AppData\Local\JetBrains\IntelliJIdea2025.3\temp-testng-customsuite.xml

2026-05-28 14:25:39 INFO  hooks.Hooks - Browser opened
2026-05-28 14:25:55 ERROR stepDefinition.RegistrationStep - FAIL: SMAC Registration Portal is not displayed
2026-05-28 14:29:25 INFO  org.testng.internal.Utils - [TestNG] Running:
  C:\Users\daespiritu\AppData\Local\JetBrains\IntelliJIdea2025.3\temp-testng-customsuite.xml

2026-05-28 14:29:30 INFO  hooks.Hooks - Browser opened
2026-05-28 14:29:44 ERROR stepDefinition.RegistrationStep - FAIL: SMAC Registration Portal is not displayed
2026-05-28 14:29:47 INFO  hooks.Hooks - Browser closed
2026-05-28 14:40:33 INFO  org.testng.internal.Utils - [TestNG] Running:
  C:\Users\daespiritu\AppData\Local\JetBrains\IntelliJIdea2025.3\temp-testng-customsuite.xml

2026-05-28 14:40:38 INFO  hooks.Hooks - Browser opened
2026-05-28 14:40:51 ERROR stepDefinition.RegistrationStep - FAIL: SMAC Registration Portal is not displayed
2026-05-28 14:40:54 INFO  hooks.Hooks - Browser closed
2026-05-28 15:09:37 INFO  org.testng.internal.Utils - [TestNG] Running:
  C:\Users\daespiritu\AppData\Local\JetBrains\IntelliJIdea2025.3\temp-testng-customsuite.xml

2026-05-28 15:09:46 INFO  hooks.Hooks - Browser opened
2026-05-28 15:10:00 ERROR stepDefinition.RegistrationStep - FAIL: SMAC Registration Portal is not displayed
2026-05-28 15:10:03 INFO  hooks.Hooks - Browser closed
2026-05-28 15:12:17 INFO  org.testng.internal.Utils - [TestNG] Running:
  C:\Users\daespiritu\AppData\Local\JetBrains\IntelliJIdea2025.3\temp-testng-customsuite.xml

2026-05-28 15:12:22 INFO  hooks.Hooks - Browser opened
2026-05-28 15:12:36 ERROR stepDefinition.RegistrationStep - FAIL: SMAC Registration Portal is not displayed
2026-05-28 15:12:39 INFO  hooks.Hooks - Browser closed
2026-05-28 15:14:39 INFO  org.testng.internal.Utils - [TestNG] Running:
  C:\Users\daespiritu\AppData\Local\JetBrains\IntelliJIdea2025.3\temp-testng-customsuite.xml

2026-05-28 15:14:44 INFO  hooks.Hooks - Browser opened
2026-05-28 15:14:59 ERROR stepDefinition.RegistrationStep - FAIL: SMAC Registration Portal is not displayed
2026-05-28 15:15:01 INFO  hooks.Hooks - Browser closed
2026-05-28 15:16:54 INFO  org.testng.internal.Utils - [TestNG] Running:
  C:\Users\daespiritu\AppData\Local\JetBrains\IntelliJIdea2025.3\temp-testng-customsuite.xml

2026-05-28 15:16:59 INFO  hooks.Hooks - Browser opened
2026-05-28 15:17:02 INFO  stepDefinition.RegistrationStep - PASS: SMAC Registration Portal is displayed
2026-05-28 15:17:05 INFO  hooks.Hooks - Browser closed
2026-05-28 15:20:02 INFO  org.testng.internal.Utils - [TestNG] Running:
  C:\Users\daespiritu\AppData\Local\JetBrains\IntelliJIdea2025.3\temp-testng-customsuite.xml

2026-05-28 15:20:07 INFO  hooks.Hooks - Browser opened
2026-05-28 15:20:11 INFO  stepDefinition.RegistrationStep - PASS: SMAC Registration Portal is displayed
2026-05-28 15:20:13 INFO  hooks.Hooks - Browser closed
2026-05-28 16:01:19 INFO  org.testng.internal.Utils - [TestNG] Running:
  C:\Users\daespiritu\AppData\Local\JetBrains\IntelliJIdea2025.3\temp-testng-customsuite.xml

2026-05-28 16:01:24 INFO  hooks.Hooks - Browser opened
2026-05-28 16:01:38 ERROR stepDefinition.RegistrationStep - FAIL: SMAC Registration Portal is not displayed
2026-05-28 16:01:44 INFO  hooks.Hooks - Browser closed
2026-05-28 16:03:22 INFO  org.testng.internal.Utils - [TestNG] Running:
  C:\Users\daespiritu\AppData\Local\JetBrains\IntelliJIdea2025.3\temp-testng-customsuite.xml

2026-05-28 16:03:27 INFO  hooks.Hooks - Browser opened
2026-05-28 16:03:31 INFO  stepDefinition.RegistrationStep - PASS: SMAC Registration Portal is displayed
2026-05-28 16:03:33 INFO  hooks.Hooks - Browser closed
2026-05-29 14:41:55 INFO  org.testng.internal.Utils - [TestNG] Running:
  /Users/deannelouise/Library/Caches/JetBrains/IntelliJIdea2025.3/temp-testng-customsuite.xml

2026-05-29 14:42:00 INFO  hooks.Hooks - Browser opened
2026-05-29 14:42:03 INFO  stepDefinition.RegistrationStep - PASS: SMAC Registration Portal is displayed
2026-05-29 14:42:03 INFO  hooks.Hooks - Browser closed
2026-05-30 12:45:11 INFO  org.testng.internal.Utils - [TestNG] Running:
  /Users/deannelouise/Library/Caches/JetBrains/IntelliJIdea2025.3/temp-testng-customsuite.xml

2026-05-30 12:45:19 INFO  hooks.Hooks - Browser opened
2026-05-30 12:45:22 INFO  stepDefinition.RegistrationStep - PASS: SMAC Registration Portal is displayed
2026-05-30 12:45:22 INFO  hooks.Hooks - Browser closed
2026-05-30 15:25:57 INFO  org.testng.internal.Utils - [TestNG] Running:
  /Users/deannelouise/Library/Caches/JetBrains/IntelliJIdea2025.3/temp-testng-customsuite.xml

2026-05-30 15:26:00 INFO  hooks.Hooks - Browser opened
2026-05-30 15:26:03 INFO  stepDefinition.RegistrationStep - PASS: SMAC Registration Portal is displayed
2026-05-30 15:26:03 INFO  hooks.Hooks - Browser closed
2026-05-30 15:26:03 INFO  hooks.Hooks - Browser opened
2026-05-30 15:36:51 INFO  org.testng.internal.Utils - [TestNG] Running:
  /Users/deannelouise/Library/Caches/JetBrains/IntelliJIdea2025.3/temp-testng-customsuite.xml

2026-05-30 15:36:54 INFO  hooks.Hooks - Browser opened
2026-05-30 15:36:57 INFO  stepDefinition.RegistrationStep - PASS: SMAC Registration Portal is displayed
2026-05-30 15:36:57 INFO  hooks.Hooks - Browser closed
2026-05-30 15:36:57 INFO  hooks.Hooks - Browser opened
2026-05-30 15:45:52 INFO  org.testng.internal.Utils - [TestNG] Running:
  /Users/deannelouise/Library/Caches/JetBrains/IntelliJIdea2025.3/temp-testng-customsuite.xml

2026-05-30 15:45:55 INFO  hooks.Hooks - Browser opened
2026-05-30 15:45:58 INFO  stepDefinition.RegistrationStep - PASS: SMAC Registration Portal is displayed
2026-05-30 15:45:58 INFO  hooks.Hooks - Browser closed
2026-05-30 15:46:00 INFO  hooks.Hooks - Browser opened
2026-05-30 15:46:01 INFO  stepDefinition.RegistrationStep - Leaving 'First Name' field blank
2026-05-30 15:46:03 INFO  stepDefinition.RegistrationStep - Successfully triggered validation for 'First Name' field
2026-05-30 15:46:03 INFO  stepDefinition.RegistrationStep - Verifying inline error message
2026-05-30 15:46:03 INFO  stepDefinition.RegistrationStep - Error message displayed: true
2026-05-30 15:46:03 INFO  stepDefinition.RegistrationStep - Expected Error Message: This field is required.
2026-05-30 15:46:03 INFO  stepDefinition.RegistrationStep - Actual Error Message: This field is required.
2026-05-30 15:46:03 INFO  stepDefinition.RegistrationStep - Error message validation passed
2026-05-30 15:46:03 INFO  hooks.Hooks - Browser closed
2026-05-30 15:52:17 INFO  org.testng.internal.Utils - [TestNG] Running:
  /Users/deannelouise/Library/Caches/JetBrains/IntelliJIdea2025.3/temp-testng-customsuite.xml

2026-05-30 15:52:20 INFO  hooks.Hooks - Browser opened
2026-05-30 15:52:20 INFO  stepDefinition.RegistrationStep - 🔎Navigating to SMAC Registration Portal
2026-05-30 15:52:21 INFO  stepDefinition.RegistrationStep - 🔎Navigation completed
2026-05-30 15:52:21 INFO  stepDefinition.RegistrationStep - 🔎Verifying portal display: SMAC Registration
2026-05-30 15:52:22 INFO  stepDefinition.RegistrationStep - 🔎Portal displayed successfully: SMAC Registration
2026-05-30 15:52:23 INFO  hooks.Hooks - Browser closed
2026-05-30 15:52:24 INFO  hooks.Hooks - Browser opened
2026-05-30 15:52:24 INFO  stepDefinition.RegistrationStep - 🔎Navigating to SMAC Registration Portal
2026-05-30 15:52:25 INFO  stepDefinition.RegistrationStep - 🔎Navigation completed
2026-05-30 15:52:25 INFO  stepDefinition.RegistrationStep - 🔎Leaving 'First Name' field blank
2026-05-30 15:52:26 INFO  stepDefinition.RegistrationStep - 🔎Field 'First Name' left blank successfully
2026-05-30 15:52:26 INFO  stepDefinition.RegistrationStep - 🔎Validating inline error message
2026-05-30 15:52:26 INFO  stepDefinition.RegistrationStep - 🔎Expected message: This field is required.
2026-05-30 15:52:26 INFO  stepDefinition.RegistrationStep - 🔎Actual message: This field is required.
2026-05-30 15:52:26 INFO  stepDefinition.RegistrationStep - 🔎Inline error message validation passed
2026-05-30 15:52:26 INFO  hooks.Hooks - Browser closed
2026-05-30 15:56:49 INFO  org.testng.internal.Utils - [TestNG] Running:
  /Users/deannelouise/Library/Caches/JetBrains/IntelliJIdea2025.3/temp-testng-customsuite.xml

2026-05-30 15:56:52 INFO  hooks.Hooks - Browser opened
2026-05-30 15:56:52 INFO  stepDefinition.RegistrationStep - ⚙️Navigating to SMAC Registration Portal
2026-05-30 15:56:53 INFO  stepDefinition.RegistrationStep - ✅Navigation completed
2026-05-30 15:56:53 INFO  stepDefinition.RegistrationStep - ⚙️Verifying portal display: SMAC Registration
2026-05-30 15:56:55 INFO  stepDefinition.RegistrationStep - ✅Portal displayed successfully: SMAC Registration
2026-05-30 15:56:55 INFO  hooks.Hooks - Browser closed
2026-05-30 15:56:56 INFO  hooks.Hooks - Browser opened
2026-05-30 15:56:56 INFO  stepDefinition.RegistrationStep - ⚙️Navigating to SMAC Registration Portal
2026-05-30 15:56:57 INFO  stepDefinition.RegistrationStep - ✅Navigation completed
2026-05-30 15:56:57 INFO  stepDefinition.RegistrationStep - ⚙️Leaving 'First Name' field blank
2026-05-30 15:56:58 INFO  stepDefinition.RegistrationStep - ✅Field 'First Name' left blank successfully
2026-05-30 15:56:58 INFO  stepDefinition.RegistrationStep - ⚙️Validating inline error message
2026-05-30 15:56:58 INFO  stepDefinition.RegistrationStep - ⚙️Expected message: This field is required.
2026-05-30 15:56:58 INFO  stepDefinition.RegistrationStep - ⚙️Actual message: This field is required.
2026-05-30 15:56:58 INFO  stepDefinition.RegistrationStep - ✅Inline error message validation passed
2026-05-30 15:56:58 INFO  hooks.Hooks - Browser closed
2026-05-30 15:58:40 INFO  org.testng.internal.Utils - [TestNG] Running:
  /Users/deannelouise/Library/Caches/JetBrains/IntelliJIdea2025.3/temp-testng-customsuite.xml

2026-05-30 15:58:43 INFO  hooks.Hooks - Browser opened
2026-05-30 15:58:43 INFO  stepDefinition.RegistrationStep - ⚙️Navigating to SMAC Registration Portal
2026-05-30 15:58:44 INFO  stepDefinition.RegistrationStep - ✅Navigation completed
2026-05-30 15:58:44 INFO  stepDefinition.RegistrationStep - ⚙️Verifying portal display: SMAC Registration
2026-05-30 15:58:45 INFO  stepDefinition.RegistrationStep - ✅Portal displayed successfully: SMAC Registration
2026-05-30 15:58:45 INFO  hooks.Hooks - Browser closed
2026-05-30 15:58:47 INFO  hooks.Hooks - Browser opened
2026-05-30 15:58:47 INFO  stepDefinition.RegistrationStep - ⚙️Navigating to SMAC Registration Portal
2026-05-30 15:58:47 INFO  stepDefinition.RegistrationStep - ✅Navigation completed
2026-05-30 15:58:47 INFO  stepDefinition.RegistrationStep - ⚙️Leaving 'First Name' field blank
2026-05-30 15:58:49 INFO  stepDefinition.RegistrationStep - ✅Field 'First Name' left blank successfully
2026-05-30 15:58:49 INFO  stepDefinition.RegistrationStep - ⚙️Validating inline error message
2026-05-30 15:58:49 INFO  stepDefinition.RegistrationStep - 🔎Expected message: This field is required.
2026-05-30 15:58:49 INFO  stepDefinition.RegistrationStep - 🔎Actual message: This field is required.
2026-05-30 15:58:49 INFO  stepDefinition.RegistrationStep - ✅Inline error message validation passed
2026-05-30 15:58:49 INFO  hooks.Hooks - Browser closed
2026-05-30 18:26:55 INFO  org.testng.internal.Utils - [TestNG] Running:
  /Users/deannelouise/Library/Caches/JetBrains/IntelliJIdea2025.3/temp-testng-customsuite.xml

2026-05-30 18:26:58 INFO  hooks.Hooks - Browser opened
2026-05-30 18:26:58 INFO  stepDefinition.RegistrationStep - ⚙️Navigating to SMAC Registration Portal
2026-05-30 18:26:59 INFO  stepDefinition.RegistrationStep - ✅Navigation completed
2026-05-30 18:26:59 INFO  stepDefinition.RegistrationStep - ⚙️Verifying portal display: SMAC Web Registration
2026-05-30 18:27:01 INFO  stepDefinition.RegistrationStep - ✅Portal displayed successfully: SMAC Web Registration
2026-05-30 18:27:01 INFO  hooks.Hooks - Browser closed
2026-05-30 18:27:03 INFO  hooks.Hooks - Browser opened
2026-05-30 18:27:03 INFO  stepDefinition.RegistrationStep - ⚙️Navigating to SMAC Registration Portal
2026-05-30 18:27:04 INFO  stepDefinition.RegistrationStep - ✅Navigation completed
2026-05-30 18:27:04 INFO  stepDefinition.RegistrationStep - ⚙️Leaving 'First Name' field blank
2026-05-30 18:27:05 INFO  stepDefinition.RegistrationStep - ✅Field 'First Name' left blank successfully
2026-05-30 18:27:05 INFO  stepDefinition.RegistrationStep - ⚙️Validating inline error message
2026-05-30 18:27:05 INFO  stepDefinition.RegistrationStep - 🔎Expected message: This field is required.
2026-05-30 18:27:05 INFO  stepDefinition.RegistrationStep - 🔎Actual message: This field is required.
2026-05-30 18:27:05 INFO  stepDefinition.RegistrationStep - ✅Inline error message validation passed
2026-05-30 18:27:06 INFO  hooks.Hooks - Browser closed
2026-05-31 00:00:15 INFO  org.testng.internal.Utils - [TestNG] Running:
  /Users/deannelouise/Library/Caches/JetBrains/IntelliJIdea2025.3/temp-testng-customsuite.xml

2026-05-31 00:00:17 INFO  hooks.Hooks - Browser opened
2026-05-31 00:00:17 INFO  stepDefinition.RegistrationStep - ⚙️Navigating to SMAC Registration Portal
2026-05-31 00:00:19 INFO  stepDefinition.RegistrationStep - ✅Navigation completed
2026-05-31 00:00:19 INFO  stepDefinition.RegistrationStep - ⚙️Verifying portal display: SMAC Web Registration
2026-05-31 00:00:20 INFO  stepDefinition.RegistrationStep - ✅Portal displayed successfully: SMAC Web Registration
2026-05-31 00:00:20 INFO  hooks.Hooks - Browser closed
2026-05-31 00:00:21 INFO  hooks.Hooks - Browser opened
2026-05-31 00:00:21 INFO  stepDefinition.RegistrationStep - ⚙️Navigating to SMAC Registration Portal
2026-05-31 00:00:22 INFO  stepDefinition.RegistrationStep - ✅Navigation completed
2026-05-31 00:00:22 INFO  stepDefinition.RegistrationStep - ⚙️Leaving 'First Name' field blank
2026-05-31 00:00:24 INFO  stepDefinition.RegistrationStep - ✅Field 'First Name' left blank successfully
2026-05-31 00:00:24 INFO  stepDefinition.RegistrationStep - ⚙️Validating inline error message
2026-05-31 00:00:24 INFO  stepDefinition.RegistrationStep - 🔎Expected message: This field is required.
2026-05-31 00:00:24 INFO  stepDefinition.RegistrationStep - 🔎Actual message: This field is required.
2026-05-31 00:00:24 INFO  stepDefinition.RegistrationStep - ✅Inline error message validation passed
2026-05-31 00:00:24 INFO  hooks.Hooks - Browser closed
2026-05-31 00:48:52 INFO  org.testng.internal.Utils - [TestNG] Running:
  /Users/deannelouise/Library/Caches/JetBrains/IntelliJIdea2025.3/temp-testng-customsuite.xml

2026-05-31 00:48:55 INFO  hooks.Hooks - Browser opened
2026-05-31 00:48:55 INFO  stepDefinition.RegistrationStep - ⚙️Navigating to SMAC Registration Portal
2026-05-31 00:48:57 INFO  stepDefinition.RegistrationStep - ✅Navigation completed
2026-05-31 00:48:57 INFO  stepDefinition.RegistrationStep - ⚙️Verifying portal display: SMAC Web Registration
2026-05-31 00:48:58 INFO  stepDefinition.RegistrationStep - ✅Portal displayed successfully: SMAC Web Registration
2026-05-31 00:48:58 INFO  hooks.Hooks - Browser closed
2026-05-31 00:49:00 INFO  hooks.Hooks - Browser opened
2026-05-31 00:49:00 INFO  stepDefinition.RegistrationStep - ⚙️Navigating to SMAC Registration Portal
2026-05-31 00:49:01 INFO  stepDefinition.RegistrationStep - ✅Navigation completed
2026-05-31 00:49:01 INFO  stepDefinition.RegistrationStep - ⚙️Leaving 'First Name' field blank
2026-05-31 00:49:02 INFO  stepDefinition.RegistrationStep - ✅Field 'First Name' left blank successfully
2026-05-31 00:49:02 INFO  stepDefinition.RegistrationStep - ⚙️Validating inline error message
2026-05-31 00:49:02 INFO  stepDefinition.RegistrationStep - 🔎Expected message: This field is required.
2026-05-31 00:49:02 INFO  stepDefinition.RegistrationStep - 🔎Actual message: This field is required.
2026-05-31 00:49:02 INFO  stepDefinition.RegistrationStep - ✅Inline error message validation passed
2026-05-31 00:49:02 INFO  hooks.Hooks - Browser closed
2026-05-31 00:55:49 INFO  org.testng.internal.Utils - [TestNG] Running:
  /Users/deannelouise/Library/Caches/JetBrains/IntelliJIdea2025.3/temp-testng-customsuite.xml

2026-05-31 00:55:52 INFO  hooks.Hooks - Browser opened
2026-05-31 00:55:52 INFO  stepDefinition.RegistrationStep - ⚙️ Navigating to SMAC Registration Portal
2026-05-31 00:55:54 INFO  stepDefinition.RegistrationStep - ✅ Navigation completed
2026-05-31 00:55:54 INFO  stepDefinition.RegistrationStep - ⚙️ Verifying portal display: SMAC Web Registration
2026-05-31 00:55:56 INFO  stepDefinition.RegistrationStep - ✅ Portal displayed successfully: SMAC Web Registration
2026-05-31 00:55:56 INFO  hooks.Hooks - Browser closed
2026-05-31 00:55:57 INFO  hooks.Hooks - Browser opened
2026-05-31 00:55:57 INFO  stepDefinition.RegistrationStep - ⚙️ Navigating to SMAC Registration Portal
2026-05-31 00:55:58 INFO  stepDefinition.RegistrationStep - ✅ Navigation completed
2026-05-31 00:55:58 INFO  stepDefinition.RegistrationStep - ⚙️ Leaving 'First Name' field blank
2026-05-31 00:55:59 INFO  stepDefinition.RegistrationStep - ✅ Field 'First Name' left blank successfully
2026-05-31 00:55:59 INFO  stepDefinition.RegistrationStep - ⚙️ Validating inline error message
2026-05-31 00:56:00 INFO  stepDefinition.RegistrationStep - 🔎 Expected message: This field is required.
2026-05-31 00:56:00 INFO  stepDefinition.RegistrationStep - 🔎 Actual message: This field is required.
2026-05-31 00:56:00 INFO  stepDefinition.RegistrationStep - ✅ Inline error message validation passed
2026-05-31 00:56:00 INFO  hooks.Hooks - Browser closed
2026-05-31 02:11:26 INFO  org.testng.internal.Utils - [TestNG] Running:
  /Users/deannelouise/Library/Caches/JetBrains/IntelliJIdea2025.3/temp-testng-customsuite.xml

2026-05-31 02:11:30 INFO  hooks.Hooks - Browser opened
2026-05-31 02:11:30 INFO  stepDefinition.RegistrationStep - ⚙️ Navigating to SMAC Registration Portal
2026-05-31 02:11:30 INFO  stepDefinition.RegistrationStep - ✅ Navigation completed
2026-05-31 02:11:30 INFO  stepDefinition.RegistrationStep - ⚙️ Verifying portal display: SMAC Web Registration
2026-05-31 02:11:32 INFO  stepDefinition.RegistrationStep - ✅ Portal displayed successfully: SMAC Web Registration
2026-05-31 02:11:32 INFO  hooks.Hooks - Browser closed
2026-05-31 02:11:33 INFO  hooks.Hooks - Browser opened
2026-05-31 02:11:33 INFO  stepDefinition.RegistrationStep - ⚙️ Navigating to SMAC Registration Portal
2026-05-31 02:11:35 INFO  stepDefinition.RegistrationStep - ✅ Navigation completed
2026-05-31 02:11:35 INFO  hooks.Hooks - Browser closed
2026-05-31 02:11:36 INFO  hooks.Hooks - Browser opened
2026-05-31 02:11:36 INFO  stepDefinition.RegistrationStep - ⚙️ Navigating to SMAC Registration Portal
2026-05-31 02:11:37 INFO  stepDefinition.RegistrationStep - ✅ Navigation completed
2026-05-31 02:11:37 INFO  hooks.Hooks - Browser closed
2026-05-31 02:11:38 INFO  hooks.Hooks - Browser opened
2026-05-31 02:11:38 INFO  stepDefinition.RegistrationStep - ⚙️ Navigating to SMAC Registration Portal
2026-05-31 02:11:39 INFO  stepDefinition.RegistrationStep - ✅ Navigation completed
2026-05-31 02:11:40 INFO  hooks.Hooks - Browser closed
2026-05-31 02:11:41 INFO  hooks.Hooks - Browser opened
2026-05-31 02:11:41 INFO  stepDefinition.RegistrationStep - ⚙️ Navigating to SMAC Registration Portal
2026-05-31 02:11:42 INFO  stepDefinition.RegistrationStep - ✅ Navigation completed
2026-05-31 02:11:42 INFO  hooks.Hooks - Browser closed
2026-05-31 02:11:43 INFO  hooks.Hooks - Browser opened
2026-05-31 02:11:43 INFO  stepDefinition.RegistrationStep - ⚙️ Navigating to SMAC Registration Portal
2026-05-31 02:11:44 INFO  stepDefinition.RegistrationStep - ✅ Navigation completed
2026-05-31 02:11:45 INFO  hooks.Hooks - Browser closed
2026-05-31 02:19:14 INFO  org.testng.internal.Utils - [TestNG] Running:
  /Users/deannelouise/Library/Caches/JetBrains/IntelliJIdea2025.3/temp-testng-customsuite.xml

2026-05-31 02:19:17 INFO  hooks.Hooks - Browser opened
2026-05-31 02:19:17 INFO  stepDefinition.RegistrationStep - ⚙️ Navigating to SMAC Registration Portal
2026-05-31 02:19:18 INFO  stepDefinition.RegistrationStep - ✅ Navigation completed
2026-05-31 02:19:18 INFO  stepDefinition.RegistrationStep - ⚙️ Verifying portal display: SMAC Web Registration
2026-05-31 02:19:19 INFO  stepDefinition.RegistrationStep - ✅ Portal displayed successfully: SMAC Web Registration
2026-05-31 02:19:19 INFO  hooks.Hooks - Browser closed
2026-05-31 02:19:20 INFO  hooks.Hooks - Browser opened
2026-05-31 02:19:20 INFO  stepDefinition.RegistrationStep - ⚙️ Navigating to SMAC Registration Portal
2026-05-31 02:19:21 INFO  stepDefinition.RegistrationStep - ✅ Navigation completed
2026-05-31 02:19:21 INFO  hooks.Hooks - Browser closed
2026-05-31 02:19:23 INFO  hooks.Hooks - Browser opened
2026-05-31 02:19:23 INFO  stepDefinition.RegistrationStep - ⚙️ Navigating to SMAC Registration Portal
2026-05-31 02:19:23 INFO  stepDefinition.RegistrationStep - ✅ Navigation completed
2026-05-31 02:19:24 INFO  hooks.Hooks - Browser closed
2026-05-31 02:19:25 INFO  hooks.Hooks - Browser opened
2026-05-31 02:19:25 INFO  stepDefinition.RegistrationStep - ⚙️ Navigating to SMAC Registration Portal
2026-05-31 02:19:25 INFO  stepDefinition.RegistrationStep - ✅ Navigation completed
2026-05-31 02:19:27 INFO  hooks.Hooks - Browser closed
2026-05-31 02:19:28 INFO  hooks.Hooks - Browser opened
2026-05-31 02:19:28 INFO  stepDefinition.RegistrationStep - ⚙️ Navigating to SMAC Registration Portal
2026-05-31 02:19:29 INFO  stepDefinition.RegistrationStep - ✅ Navigation completed
2026-05-31 02:19:29 INFO  hooks.Hooks - Browser closed
2026-05-31 02:19:30 INFO  hooks.Hooks - Browser opened
2026-05-31 02:19:30 INFO  stepDefinition.RegistrationStep - ⚙️ Navigating to SMAC Registration Portal
2026-05-31 02:19:31 INFO  stepDefinition.RegistrationStep - ✅ Navigation completed
2026-05-31 02:19:32 INFO  hooks.Hooks - Browser closed
2026-05-31 02:22:16 INFO  org.testng.internal.Utils - [TestNG] Running:
  /Users/deannelouise/Library/Caches/JetBrains/IntelliJIdea2025.3/temp-testng-customsuite.xml

2026-05-31 02:22:18 INFO  hooks.Hooks - Browser opened
2026-05-31 02:22:18 INFO  stepDefinition.RegistrationStep - ⚙️ Navigating to SMAC Registration Portal
2026-05-31 02:22:19 INFO  stepDefinition.RegistrationStep - ✅ Navigation completed
2026-05-31 02:22:19 INFO  stepDefinition.RegistrationStep - ⚙️ Verifying portal display: SMAC Web Registration
2026-05-31 02:22:21 INFO  stepDefinition.RegistrationStep - ✅ Portal displayed successfully: SMAC Web Registration
2026-05-31 02:22:21 INFO  hooks.Hooks - Browser closed
2026-05-31 02:22:22 INFO  hooks.Hooks - Browser opened
2026-05-31 02:22:22 INFO  stepDefinition.RegistrationStep - ⚙️ Navigating to SMAC Registration Portal
2026-05-31 02:22:23 INFO  stepDefinition.RegistrationStep - ✅ Navigation completed
2026-05-31 02:22:23 INFO  hooks.Hooks - Browser closed
2026-05-31 02:22:24 INFO  hooks.Hooks - Browser opened
2026-05-31 02:22:24 INFO  stepDefinition.RegistrationStep - ⚙️ Navigating to SMAC Registration Portal
2026-05-31 02:22:25 INFO  stepDefinition.RegistrationStep - ✅ Navigation completed
2026-05-31 02:22:26 INFO  hooks.Hooks - Browser closed
2026-05-31 02:22:27 INFO  hooks.Hooks - Browser opened
2026-05-31 02:22:27 INFO  stepDefinition.RegistrationStep - ⚙️ Navigating to SMAC Registration Portal
2026-05-31 02:22:27 INFO  stepDefinition.RegistrationStep - ✅ Navigation completed
2026-05-31 02:22:29 INFO  hooks.Hooks - Browser closed
2026-05-31 02:22:30 INFO  hooks.Hooks - Browser opened
2026-05-31 02:22:30 INFO  stepDefinition.RegistrationStep - ⚙️ Navigating to SMAC Registration Portal
2026-05-31 02:22:31 INFO  stepDefinition.RegistrationStep - ✅ Navigation completed
2026-05-31 02:22:31 INFO  hooks.Hooks - Browser closed
2026-05-31 02:22:32 INFO  hooks.Hooks - Browser opened
2026-05-31 02:22:32 INFO  stepDefinition.RegistrationStep - ⚙️ Navigating to SMAC Registration Portal
2026-05-31 02:22:33 INFO  stepDefinition.RegistrationStep - ✅ Navigation completed
2026-05-31 02:22:34 INFO  hooks.Hooks - Browser closed
2026-05-31 02:37:12 INFO  org.testng.internal.Utils - [TestNG] Running:
  /Users/deannelouise/Library/Caches/JetBrains/IntelliJIdea2025.3/temp-testng-customsuite.xml

2026-05-31 02:37:14 INFO  hooks.Hooks - Browser opened
2026-05-31 02:37:14 INFO  stepDefinition.RegistrationStep - ⚙️ Navigating to SMAC Registration Portal
2026-05-31 02:37:16 INFO  stepDefinition.RegistrationStep - ✅ Navigation completed
2026-05-31 02:37:16 INFO  stepDefinition.RegistrationStep - ⚙️ Verifying portal display: SMAC Web Registration
2026-05-31 02:37:17 INFO  stepDefinition.RegistrationStep - ✅ Portal displayed successfully: SMAC Web Registration
2026-05-31 02:37:17 INFO  hooks.Hooks - Browser closed
2026-05-31 02:37:18 INFO  hooks.Hooks - Browser opened
2026-05-31 02:37:18 INFO  stepDefinition.RegistrationStep - ⚙️ Navigating to SMAC Registration Portal
2026-05-31 02:37:19 INFO  stepDefinition.RegistrationStep - ✅ Navigation completed
2026-05-31 02:37:19 INFO  stepDefinition.RegistrationStep - ⚙️ Validating error message for field: FirstName
2026-05-31 02:37:20 INFO  hooks.Hooks - Browser closed
2026-05-31 02:37:21 INFO  hooks.Hooks - Browser opened
2026-05-31 02:37:21 INFO  stepDefinition.RegistrationStep - ⚙️ Navigating to SMAC Registration Portal
2026-05-31 02:37:22 INFO  stepDefinition.RegistrationStep - ✅ Navigation completed
2026-05-31 02:37:22 INFO  stepDefinition.RegistrationStep - ⚙️ Validating error message for field: LastName
2026-05-31 02:37:22 INFO  hooks.Hooks - Browser closed
2026-05-31 02:37:23 INFO  hooks.Hooks - Browser opened
2026-05-31 02:37:23 INFO  stepDefinition.RegistrationStep - ⚙️ Navigating to SMAC Registration Portal
2026-05-31 02:37:24 INFO  stepDefinition.RegistrationStep - ✅ Navigation completed
2026-05-31 02:37:25 INFO  stepDefinition.RegistrationStep - ⚙️ Validating error message for field: Birthday
2026-05-31 02:37:25 INFO  stepDefinition.RegistrationStep - 🔎 Expected Message: <ErrorMessage>
2026-05-31 02:37:25 INFO  stepDefinition.RegistrationStep - 🔎 Actual Message: 
2026-05-31 02:37:25 INFO  hooks.Hooks - Browser closed
2026-05-31 02:37:27 INFO  hooks.Hooks - Browser opened
2026-05-31 02:37:27 INFO  stepDefinition.RegistrationStep - ⚙️ Navigating to SMAC Registration Portal
2026-05-31 02:37:27 INFO  stepDefinition.RegistrationStep - ✅ Navigation completed
2026-05-31 02:37:27 INFO  stepDefinition.RegistrationStep - ⚙️ Validating error message for field: MobileNumber
2026-05-31 02:37:28 INFO  hooks.Hooks - Browser closed
2026-05-31 02:37:29 INFO  hooks.Hooks - Browser opened
2026-05-31 02:37:29 INFO  stepDefinition.RegistrationStep - ⚙️ Navigating to SMAC Registration Portal
2026-05-31 02:37:30 INFO  stepDefinition.RegistrationStep - ✅ Navigation completed
2026-05-31 02:37:31 INFO  stepDefinition.RegistrationStep - ⚙️ Validating error message for field: Password
2026-05-31 02:37:31 INFO  stepDefinition.RegistrationStep - 🔎 Expected Message: <ErrorMessage>
2026-05-31 02:37:31 INFO  stepDefinition.RegistrationStep - 🔎 Actual Message: Password not strong enough.
2026-05-31 02:37:31 INFO  hooks.Hooks - Browser closed
2026-06-01 00:03:43 INFO  org.testng.internal.Utils - [TestNG] Running:
  /Users/deannelouise/Library/Caches/JetBrains/IntelliJIdea2025.3/temp-testng-customsuite.xml

2026-06-01 00:03:47 INFO  hooks.Hooks - Browser opened
2026-06-01 00:03:47 INFO  stepDefinition.RegistrationStep - ⚙️ Navigating to SMAC Registration Portal
2026-06-01 00:03:48 INFO  stepDefinition.RegistrationStep - ✅ Navigation completed
2026-06-01 00:03:48 INFO  stepDefinition.RegistrationStep - ⚙️ Verifying portal display: SMAC Web Registration
2026-06-01 00:03:49 INFO  stepDefinition.RegistrationStep - ✅ Portal displayed successfully: SMAC Web Registration
2026-06-01 00:03:49 INFO  hooks.Hooks - Browser closed
2026-06-01 00:03:51 INFO  hooks.Hooks - Browser opened
2026-06-01 00:03:51 INFO  stepDefinition.RegistrationStep - ⚙️ Navigating to SMAC Registration Portal
2026-06-01 00:03:52 INFO  stepDefinition.RegistrationStep - ✅ Navigation completed
2026-06-01 00:03:52 INFO  hooks.Hooks - Browser closed
2026-06-01 00:03:53 INFO  hooks.Hooks - Browser opened
2026-06-01 00:03:53 INFO  stepDefinition.RegistrationStep - ⚙️ Navigating to SMAC Registration Portal
2026-06-01 00:03:54 INFO  stepDefinition.RegistrationStep - ✅ Navigation completed
2026-06-01 00:03:54 INFO  hooks.Hooks - Browser closed
2026-06-01 00:03:55 INFO  hooks.Hooks - Browser opened
2026-06-01 00:03:55 INFO  stepDefinition.RegistrationStep - ⚙️ Navigating to SMAC Registration Portal
2026-06-01 00:03:56 INFO  stepDefinition.RegistrationStep - ✅ Navigation completed
2026-06-01 00:03:58 INFO  hooks.Hooks - Browser closed
2026-06-01 00:03:59 INFO  hooks.Hooks - Browser opened
2026-06-01 00:03:59 INFO  stepDefinition.RegistrationStep - ⚙️ Navigating to SMAC Registration Portal
2026-06-01 00:04:00 INFO  stepDefinition.RegistrationStep - ✅ Navigation completed
2026-06-01 00:04:00 INFO  hooks.Hooks - Browser closed
2026-06-01 00:04:01 INFO  hooks.Hooks - Browser opened
2026-06-01 00:04:01 INFO  stepDefinition.RegistrationStep - ⚙️ Navigating to SMAC Registration Portal
2026-06-01 00:04:02 INFO  stepDefinition.RegistrationStep - ✅ Navigation completed
2026-06-01 00:04:03 INFO  hooks.Hooks - Browser closed
2026-06-01 00:06:24 INFO  org.testng.internal.Utils - [TestNG] Running:
  /Users/deannelouise/Library/Caches/JetBrains/IntelliJIdea2025.3/temp-testng-customsuite.xml

2026-06-01 00:06:26 INFO  hooks.Hooks - Browser opened
2026-06-01 00:06:26 INFO  stepDefinition.RegistrationStep - ⚙️ Navigating to SMAC Registration Portal
2026-06-01 00:06:27 INFO  stepDefinition.RegistrationStep - ✅ Navigation completed
2026-06-01 00:06:27 INFO  stepDefinition.RegistrationStep - ⚙️ Verifying portal display: SMAC Web Registration
2026-06-01 00:06:29 INFO  stepDefinition.RegistrationStep - ✅ Portal displayed successfully: SMAC Web Registration
2026-06-01 00:06:29 INFO  hooks.Hooks - Browser closed
2026-06-01 00:06:30 INFO  hooks.Hooks - Browser opened
2026-06-01 00:06:30 INFO  stepDefinition.RegistrationStep - ⚙️ Navigating to SMAC Registration Portal
2026-06-01 00:06:31 INFO  stepDefinition.RegistrationStep - ✅ Navigation completed
2026-06-01 00:06:31 INFO  hooks.Hooks - Browser closed
2026-06-01 00:06:32 INFO  hooks.Hooks - Browser opened
2026-06-01 00:06:32 INFO  stepDefinition.RegistrationStep - ⚙️ Navigating to SMAC Registration Portal
2026-06-01 00:06:33 INFO  stepDefinition.RegistrationStep - ✅ Navigation completed
2026-06-01 00:06:33 INFO  hooks.Hooks - Browser closed
2026-06-01 00:06:35 INFO  hooks.Hooks - Browser opened
2026-06-01 00:06:35 INFO  stepDefinition.RegistrationStep - ⚙️ Navigating to SMAC Registration Portal
2026-06-01 00:06:35 INFO  stepDefinition.RegistrationStep - ✅ Navigation completed
2026-06-01 00:06:37 INFO  hooks.Hooks - Browser closed
2026-06-01 00:06:38 INFO  hooks.Hooks - Browser opened
2026-06-01 00:06:38 INFO  stepDefinition.RegistrationStep - ⚙️ Navigating to SMAC Registration Portal
2026-06-01 00:06:39 INFO  stepDefinition.RegistrationStep - ✅ Navigation completed
2026-06-01 00:06:39 INFO  hooks.Hooks - Browser closed
2026-06-01 00:06:40 INFO  hooks.Hooks - Browser opened
2026-06-01 00:06:40 INFO  stepDefinition.RegistrationStep - ⚙️ Navigating to SMAC Registration Portal
2026-06-01 00:06:41 INFO  stepDefinition.RegistrationStep - ✅ Navigation completed
2026-06-01 00:06:42 INFO  hooks.Hooks - Browser closed
2026-06-01 00:14:55 INFO  hooks.Hooks - Browser opened
2026-06-01 00:14:55 INFO  stepDefinition.RegistrationStep - ⚙️ Navigating to SMAC Registration Portal
2026-06-01 00:14:56 INFO  stepDefinition.RegistrationStep - ✅ Navigation completed
2026-06-01 00:14:56 INFO  stepDefinition.RegistrationStep - ⚙️ Verifying portal display: SMAC Web Registration
2026-06-01 00:14:58 INFO  stepDefinition.RegistrationStep - ✅ Portal displayed successfully: SMAC Web Registration
2026-06-01 00:14:58 INFO  hooks.Hooks - Browser closed
2026-06-01 00:14:59 INFO  hooks.Hooks - Browser opened
2026-06-01 00:14:59 INFO  stepDefinition.RegistrationStep - ⚙️ Navigating to SMAC Registration Portal
2026-06-01 00:15:00 INFO  stepDefinition.RegistrationStep - ✅ Navigation completed
2026-06-01 00:15:00 INFO  stepDefinition.RegistrationStep - ⚙️ Validating error message for field: FirstName
2026-06-01 00:15:00 INFO  hooks.Hooks - Browser closed
2026-06-01 00:15:02 INFO  hooks.Hooks - Browser opened
2026-06-01 00:15:02 INFO  stepDefinition.RegistrationStep - ⚙️ Navigating to SMAC Registration Portal
2026-06-01 00:15:02 INFO  stepDefinition.RegistrationStep - ✅ Navigation completed
2026-06-01 00:15:02 INFO  stepDefinition.RegistrationStep - ⚙️ Validating error message for field: LastName
2026-06-01 00:15:02 INFO  hooks.Hooks - Browser closed
2026-06-01 00:15:04 INFO  hooks.Hooks - Browser opened
2026-06-01 00:15:04 INFO  stepDefinition.RegistrationStep - ⚙️ Navigating to SMAC Registration Portal
2026-06-01 00:15:04 INFO  stepDefinition.RegistrationStep - ✅ Navigation completed
2026-06-01 00:15:06 INFO  stepDefinition.RegistrationStep - ⚙️ Validating error message for field: Birthday
2026-06-01 00:15:06 INFO  stepDefinition.RegistrationStep - 🔎 Expected Message: <ErrorMessage>
2026-06-01 00:15:06 INFO  stepDefinition.RegistrationStep - 🔎 Actual Message: 
2026-06-01 00:15:06 INFO  hooks.Hooks - Browser closed
2026-06-01 00:15:07 INFO  hooks.Hooks - Browser opened
2026-06-01 00:15:07 INFO  stepDefinition.RegistrationStep - ⚙️ Navigating to SMAC Registration Portal
2026-06-01 00:15:08 INFO  stepDefinition.RegistrationStep - ✅ Navigation completed
2026-06-01 00:15:08 INFO  stepDefinition.RegistrationStep - ⚙️ Validating error message for field: MobileNumber
2026-06-01 00:15:08 INFO  hooks.Hooks - Browser closed
2026-06-01 00:15:09 INFO  hooks.Hooks - Browser opened
2026-06-01 00:15:09 INFO  stepDefinition.RegistrationStep - ⚙️ Navigating to SMAC Registration Portal
2026-06-01 00:15:10 INFO  stepDefinition.RegistrationStep - ✅ Navigation completed
2026-06-01 00:15:11 INFO  stepDefinition.RegistrationStep - ⚙️ Validating error message for field: Password
2026-06-01 00:15:11 INFO  stepDefinition.RegistrationStep - 🔎 Expected Message: <ErrorMessage>
2026-06-01 00:15:11 INFO  stepDefinition.RegistrationStep - 🔎 Actual Message: Password not strong enough.
2026-06-01 00:15:11 INFO  hooks.Hooks - Browser closed
2026-06-01 00:27:37 INFO  org.testng.internal.Utils - [TestNG] Running:
  /Users/deannelouise/Library/Caches/JetBrains/IntelliJIdea2025.3/temp-testng-customsuite.xml

2026-06-01 00:27:40 INFO  hooks.Hooks - Browser opened
2026-06-01 00:27:40 INFO  stepDefinition.RegistrationStep - ⚙️ Navigating to SMAC Registration Portal
2026-06-01 00:27:41 INFO  stepDefinition.RegistrationStep - ✅ Navigation completed
2026-06-01 00:27:41 INFO  stepDefinition.RegistrationStep - ⚙️ Verifying portal display: SMAC Web Registration
2026-06-01 00:27:42 INFO  stepDefinition.RegistrationStep - ✅ Portal displayed successfully: SMAC Web Registration
2026-06-01 00:27:43 INFO  hooks.Hooks - Browser closed
2026-06-01 00:27:44 INFO  hooks.Hooks - Browser opened
2026-06-01 00:27:44 INFO  stepDefinition.RegistrationStep - ⚙️ Navigating to SMAC Registration Portal
2026-06-01 00:27:45 INFO  stepDefinition.RegistrationStep - ✅ Navigation completed
2026-06-01 00:27:45 INFO  stepDefinition.RegistrationStep - ⚙️ Validating error message for field: FirstName
2026-06-01 00:27:45 INFO  hooks.Hooks - Browser closed
2026-06-01 00:27:47 INFO  hooks.Hooks - Browser opened
2026-06-01 00:27:47 INFO  stepDefinition.RegistrationStep - ⚙️ Navigating to SMAC Registration Portal
2026-06-01 00:27:47 INFO  stepDefinition.RegistrationStep - ✅ Navigation completed
2026-06-01 00:27:47 INFO  stepDefinition.RegistrationStep - ⚙️ Validating error message for field: LastName
2026-06-01 00:27:47 INFO  hooks.Hooks - Browser closed
2026-06-01 00:27:49 INFO  hooks.Hooks - Browser opened
2026-06-01 00:27:49 INFO  stepDefinition.RegistrationStep - ⚙️ Navigating to SMAC Registration Portal
2026-06-01 00:27:49 INFO  stepDefinition.RegistrationStep - ✅ Navigation completed
2026-06-01 00:27:51 INFO  stepDefinition.RegistrationStep - ⚙️ Validating error message for field: Birthday
2026-06-01 00:27:51 INFO  stepDefinition.RegistrationStep - 🔎 Expected Message: <ErrorMessage>
2026-06-01 00:27:51 INFO  stepDefinition.RegistrationStep - 🔎 Actual Message: This field is required.
2026-06-01 00:27:51 INFO  hooks.Hooks - Browser closed
2026-06-01 00:27:52 INFO  hooks.Hooks - Browser opened
2026-06-01 00:27:52 INFO  stepDefinition.RegistrationStep - ⚙️ Navigating to SMAC Registration Portal
2026-06-01 00:27:53 INFO  stepDefinition.RegistrationStep - ✅ Navigation completed
2026-06-01 00:27:53 INFO  stepDefinition.RegistrationStep - ⚙️ Validating error message for field: MobileNumber
2026-06-01 00:27:53 INFO  hooks.Hooks - Browser closed
2026-06-01 00:27:54 INFO  hooks.Hooks - Browser opened
2026-06-01 00:27:54 INFO  stepDefinition.RegistrationStep - ⚙️ Navigating to SMAC Registration Portal
2026-06-01 00:27:55 INFO  stepDefinition.RegistrationStep - ✅ Navigation completed
2026-06-01 00:27:56 INFO  stepDefinition.RegistrationStep - ⚙️ Validating error message for field: Password
2026-06-01 00:27:56 INFO  stepDefinition.RegistrationStep - 🔎 Expected Message: <ErrorMessage>
2026-06-01 00:27:56 INFO  stepDefinition.RegistrationStep - 🔎 Actual Message: Password not strong enough.
2026-06-01 00:27:56 INFO  hooks.Hooks - Browser closed
